#
# A fatal error has been detected by the Java Runtime Environment:
#
#  Internal Error (javaCalls.cpp:51), pid=1708, tid=0x0000000000002158
#  guarantee(thread->is_Java_thread()) failed: crucial check - the VM thread cannot and must not escape to Java code
#
# JRE version: Java(TM) SE Runtime Environment (8.0_291-b10) (build 1.8.0_291-b10)
# Java VM: Java HotSpot(TM) 64-Bit Server VM (25.291-b10 mixed mode windows-amd64 compressed oops)
# Failed to write core dump. Minidumps are not enabled by default on client versions of Windows
#
# If you would like to submit a bug report, please visit:
#   http://bugreport.java.com/bugreport/crash.jsp
#

---------------  T H R E A D  ---------------

Current thread (0x0000020a38d83000):  VMThread [stack: 0x000000f200000000,0x000000f200100000] [id=8536]

Stack: [0x000000f200000000,0x000000f200100000]
Native frames: (J=compiled Java code, j=interpreted, Vv=VM code, C=native code)
V  [jvm.dll+0x32ea19]
V  [jvm.dll+0x275462]
V  [jvm.dll+0x27610d]
V  [jvm.dll+0x26cac7]
V  [jvm.dll+0x20accd]
V  [jvm.dll+0x20b317]
V  [jvm.dll+0x32e932]
V  [jvm.dll+0x20b941]
V  [jvm.dll+0x26dd15]
V  [jvm.dll+0x26df5d]
V  [jvm.dll+0x26e0a9]
V  [jvm.dll+0x10ade8]
V  [jvm.dll+0x10a1b9]
V  [jvm.dll+0x10768d]
V  [jvm.dll+0x10907e]
V  [jvm.dll+0x1066ea]
V  [jvm.dll+0x10587a]
V  [jvm.dll+0xcd19b]
V  [jvm.dll+0xcdc33]
V  [jvm.dll+0x112684]
V  [jvm.dll+0x135980]
V  [jvm.dll+0x1b8e51]
V  [jvm.dll+0x245897]
V  [jvm.dll+0x244005]
V  [jvm.dll+0x24477c]
V  [jvm.dll+0x244a8c]
V  [jvm.dll+0x29210c]
C  [ucrtbase.dll+0x21bb2]
C  [KERNEL32.DLL+0x17034]
C  [ntdll.dll+0x52651]

VM_Operation (0x000000f2005ff150): GetOrSetLocal, mode: safepoint, requested by thread 0x0000020a38de4800


---------------  P R O C E S S  ---------------

Java Threads: ( => current thread )
  0x0000020a3a105800 JavaThread "Okio Watchdog" daemon [_thread_blocked, id=10112, stack(0x000000f201400000,0x000000f201500000)]
  0x0000020a3a49e800 JavaThread "OkHttp ConnectionPool" daemon [_thread_blocked, id=9276, stack(0x000000f201300000,0x000000f201400000)]
  0x0000020a3a078000 JavaThread "Exec Stream Pumper" daemon [_thread_in_native, id=7448, stack(0x000000f200f00000,0x000000f201000000)]
  0x0000020a3a26a000 JavaThread "Exec Stream Pumper" daemon [_thread_in_native, id=4932, stack(0x000000f200e00000,0x000000f200f00000)]
  0x0000020a39dd9800 JavaThread "Exec Default Executor" daemon [_thread_in_native, id=4688, stack(0x000000f200d00000,0x000000f200e00000)]
  0x0000020a39dab800 JavaThread "Service Thread" daemon [_thread_blocked, id=4728, stack(0x000000f200b00000,0x000000f200c00000)]
  0x0000020a39d0e800 JavaThread "C1 CompilerThread2" daemon [_thread_blocked, id=624, stack(0x000000f200a00000,0x000000f200b00000)]
  0x0000020a39d1a000 JavaThread "C2 CompilerThread1" daemon [_thread_blocked, id=1376, stack(0x000000f200900000,0x000000f200a00000)]
  0x0000020a39d19800 JavaThread "C2 CompilerThread0" daemon [_thread_blocked, id=9044, stack(0x000000f200800000,0x000000f200900000)]
  0x0000020a38df0000 JavaThread "JDWP Command Reader" daemon [_thread_in_native, id=7252, stack(0x000000f200700000,0x000000f200800000)]
  0x0000020a38dec800 JavaThread "JDWP Event Helper Thread" daemon [_thread_blocked, id=1796, stack(0x000000f200600000,0x000000f200700000)]
  0x0000020a38de4800 JavaThread "JDWP Transport Listener: dt_socket" daemon [_thread_blocked, id=6108, stack(0x000000f200500000,0x000000f200600000)]
  0x0000020a38dbf000 JavaThread "Attach Listener" daemon [_thread_blocked, id=8380, stack(0x000000f200400000,0x000000f200500000)]
  0x0000020a38dbe000 JavaThread "Signal Dispatcher" daemon [_thread_blocked, id=8800, stack(0x000000f200300000,0x000000f200400000)]
  0x0000020a3867d800 JavaThread "Finalizer" daemon [_thread_blocked, id=6172, stack(0x000000f200200000,0x000000f200300000)]
  0x0000020a38675800 JavaThread "Reference Handler" daemon [_thread_blocked, id=5096, stack(0x000000f200100000,0x000000f200200000)]
  0x0000020a22714800 JavaThread "main" [_thread_blocked, id=5136, stack(0x000000f27fb00000,0x000000f27fc00000)]

Other Threads:
=>0x0000020a38d83000 VMThread [stack: 0x000000f200000000,0x000000f200100000] [id=8536]
  0x0000020a39dec000 WatcherThread [stack: 0x000000f200c00000,0x000000f200d00000] [id=10092]

VM state:at safepoint (normal execution)

VM Mutex/Monitor currently owned by a thread:  ([mutex/lock_event])
[0x0000020a22713380] Threads_lock - owner thread: 0x0000020a38d83000

heap address: 0x0000000082400000, size: 2012 MB, Compressed Oops mode: 32-bit
Narrow klass base: 0x0000000000000000, Narrow klass shift: 3
Compressed class space size: 1073741824 Address: 0x0000000100000000

Heap:
 PSYoungGen      total 37888K, used 22180K [0x00000000d6180000, 0x00000000d8b80000, 0x0000000100000000)
  eden space 32768K, 52% used [0x00000000d6180000,0x00000000d722dd10,0x00000000d8180000)
  from space 5120K, 99% used [0x00000000d8680000,0x00000000d8b7b578,0x00000000d8b80000)
  to   space 5120K, 0% used [0x00000000d8180000,0x00000000d8180000,0x00000000d8680000)
 ParOldGen       total 86016K, used 683K [0x0000000082400000, 0x0000000087800000, 0x00000000d6180000)
  object space 86016K, 0% used [0x0000000082400000,0x00000000824aafd0,0x0000000087800000)
 Metaspace       used 13438K, capacity 14130K, committed 14336K, reserved 1060864K
  class space    used 1743K, capacity 1935K, committed 2048K, reserved 1048576K

Card table byte_map: [0x0000020a333f0000,0x0000020a337e0000] byte_map_base: 0x0000020a32fde000

Marking Bits: (ParMarkBitMap*) 0x0000000066917fe0
 Begin Bits: [0x0000020a33a80000, 0x0000020a359f0000)
 End Bits:   [0x0000020a359f0000, 0x0000020a37960000)

Polling page: 0x0000020a24000000

CodeCache: size=245760Kb used=2205Kb max_used=2230Kb free=243554Kb
 bounds [0x0000020a24030000, 0x0000020a242a0000, 0x0000020a33030000]
 total_blobs=806 nmethods=412 adapters=315
 compilation: enabled

Compilation events (10 events):
Event: 343.566 Thread 0x0000020a39d19800 nmethod 405 0x0000020a2424db10 code [0x0000020a2424dce0, 0x0000020a2424f488]
Event: 343.566 Thread 0x0000020a39d19800  408       4       org.eclipse.jdt.launching.internal.org.objectweb.asm.ByteVector::putUTF8 (144 bytes)
Event: 343.579 Thread 0x0000020a39d19800 nmethod 408 0x0000020a2424ae10 code [0x0000020a2424af80, 0x0000020a2424b768]
Event: 343.579 Thread 0x0000020a39d19800  412       4       org.eclipse.jdt.launching.internal.org.objectweb.asm.SymbolTable::addConstantMemberReference (147 bytes)
Event: 343.614 Thread 0x0000020a39d1a000 nmethod 404 0x0000020a24253fd0 code [0x0000020a242541e0, 0x0000020a242566e8]
Event: 343.614 Thread 0x0000020a39d1a000  410       4       org.eclipse.jdt.launching.internal.org.objectweb.asm.Label::resolve (219 bytes)
Event: 343.619 Thread 0x0000020a39d1a000 nmethod 410 0x0000020a24253750 code [0x0000020a242538a0, 0x0000020a24253cd8]
Event: 343.619 Thread 0x0000020a39d1a000  409       4       org.eclipse.jdt.launching.internal.org.objectweb.asm.MethodWriter::visitLabel (328 bytes)
Event: 343.627 Thread 0x0000020a39d1a000 nmethod 409 0x0000020a24252a10 code [0x0000020a24252b80, 0x0000020a242531f8]
Event: 343.722 Thread 0x0000020a39d19800 nmethod 412 0x0000020a2425d090 code [0x0000020a2425d340, 0x0000020a24260910]

GC Heap History (4 events):
Event: 17.067 GC heap before
{Heap before GC invocations=1 (full 0):
 PSYoungGen      total 37888K, used 32768K [0x00000000d6180000, 0x00000000d8b80000, 0x0000000100000000)
  eden space 32768K, 100% used [0x00000000d6180000,0x00000000d8180000,0x00000000d8180000)
  from space 5120K, 0% used [0x00000000d8680000,0x00000000d8680000,0x00000000d8b80000)
  to   space 5120K, 0% used [0x00000000d8180000,0x00000000d8180000,0x00000000d8680000)
 ParOldGen       total 86016K, used 0K [0x0000000082400000, 0x0000000087800000, 0x00000000d6180000)
  object space 86016K, 0% used [0x0000000082400000,0x0000000082400000,0x0000000087800000)
 Metaspace       used 8697K, capacity 8932K, committed 9088K, reserved 1056768K
  class space    used 1036K, capacity 1096K, committed 1152K, reserved 1048576K
Event: 17.072 GC heap after
Heap after GC invocations=1 (full 0):
 PSYoungGen      total 37888K, used 4864K [0x00000000d6180000, 0x00000000d8b80000, 0x0000000100000000)
  eden space 32768K, 0% used [0x00000000d6180000,0x00000000d6180000,0x00000000d8180000)
  from space 5120K, 95% used [0x00000000d8180000,0x00000000d86403c0,0x00000000d8680000)
  to   space 5120K, 0% used [0x00000000d8680000,0x00000000d8680000,0x00000000d8b80000)
 ParOldGen       total 86016K, used 8K [0x0000000082400000, 0x0000000087800000, 0x00000000d6180000)
  object space 86016K, 0% used [0x0000000082400000,0x0000000082402000,0x0000000087800000)
 Metaspace       used 8697K, capacity 8932K, committed 9088K, reserved 1056768K
  class space    used 1036K, capacity 1096K, committed 1152K, reserved 1048576K
}
Event: 21.552 GC heap before
{Heap before GC invocations=2 (full 0):
 PSYoungGen      total 37888K, used 37632K [0x00000000d6180000, 0x00000000d8b80000, 0x0000000100000000)
  eden space 32768K, 100% used [0x00000000d6180000,0x00000000d8180000,0x00000000d8180000)
  from space 5120K, 95% used [0x00000000d8180000,0x00000000d86403c0,0x00000000d8680000)
  to   space 5120K, 0% used [0x00000000d8680000,0x00000000d8680000,0x00000000d8b80000)
 ParOldGen       total 86016K, used 8K [0x0000000082400000, 0x0000000087800000, 0x00000000d6180000)
  object space 86016K, 0% used [0x0000000082400000,0x0000000082402000,0x0000000087800000)
 Metaspace       used 12025K, capacity 12586K, committed 12800K, reserved 1060864K
  class space    used 1573K, capacity 1747K, committed 1792K, reserved 1048576K
Event: 21.558 GC heap after
Heap after GC invocations=2 (full 0):
 PSYoungGen      total 37888K, used 5101K [0x00000000d6180000, 0x00000000d8b80000, 0x0000000100000000)
  eden space 32768K, 0% used [0x00000000d6180000,0x00000000d6180000,0x00000000d8180000)
  from space 5120K, 99% used [0x00000000d8680000,0x00000000d8b7b578,0x00000000d8b80000)
  to   space 5120K, 0% used [0x00000000d8180000,0x00000000d8180000,0x00000000d8680000)
 ParOldGen       total 86016K, used 683K [0x0000000082400000, 0x0000000087800000, 0x00000000d6180000)
  object space 86016K, 0% used [0x0000000082400000,0x00000000824aafd0,0x0000000087800000)
 Metaspace       used 12025K, capacity 12586K, committed 12800K, reserved 1060864K
  class space    used 1573K, capacity 1747K, committed 1792K, reserved 1048576K
}

Deoptimization events (0 events):
No events

Classes redefined (2 events):
Event: 282.706 Thread 0x0000020a38d83000 redefined class name=org.dynamic.webtable.IPL, count=1
Event: 343.548 Thread 0x0000020a38d83000 redefined class name=org.dynamic.webtable.IPL, count=2

Internal exceptions (10 events):
Event: 20.118 Thread 0x0000020a22714800 Exception <a 'java/lang/ArrayIndexOutOfBoundsException': 57> (0x00000000d6f70b90) thrown at [C:\jenkins\workspace\8-2-build-windows-amd64-cygwin\jdk8u291\1294\hotspot\src\share\vm\interpreter\interpreterRuntime.cpp, line 371]
Event: 20.429 Thread 0x0000020a22714800 Exception <a 'java/lang/NoSuchMethodError': java.lang.Object.lambda$chars$0()Ljava/util/Spliterator$OfInt;> (0x00000000d7340870) thrown at [C:\jenkins\workspace\8-2-build-windows-amd64-cygwin\jdk8u291\1294\hotspot\src\share\vm\interpreter\linkResolver.cpp
Event: 23.003 Thread 0x0000020a22714800 Exception <a 'java/lang/NoSuchMethodError': java.lang.Object.lambda$getResponseFunction$0(Lorg/openqa/selenium/remote/InitialHandshakeResponse;)Lorg/openqa/selenium/remote/ProtocolHandshake$Result;> (0x00000000d688b498) thrown at [C:\jenkins\workspace\8-2
Event: 26.591 Thread 0x0000020a22714800 Exception <a 'java/net/SocketTimeoutException': Read timed out> (0x00000000d6b9d708) thrown at [C:\jenkins\workspace\8-2-build-windows-amd64-cygwin\jdk8u291\1294\hotspot\src\share\vm\prims\jni.cpp, line 737]
Event: 29.198 Thread 0x0000020a22714800 Exception <a 'java/net/SocketTimeoutException': Read timed out> (0x00000000d6bb5600) thrown at [C:\jenkins\workspace\8-2-build-windows-amd64-cygwin\jdk8u291\1294\hotspot\src\share\vm\prims\jni.cpp, line 737]
Event: 30.840 Thread 0x0000020a22714800 Exception <a 'java/net/SocketTimeoutException': Read timed out> (0x00000000d6bd4b78) thrown at [C:\jenkins\workspace\8-2-build-windows-amd64-cygwin\jdk8u291\1294\hotspot\src\share\vm\prims\jni.cpp, line 737]
Event: 32.106 Thread 0x0000020a22714800 Exception <a 'java/net/SocketTimeoutException': Read timed out> (0x00000000d6c00c38) thrown at [C:\jenkins\workspace\8-2-build-windows-amd64-cygwin\jdk8u291\1294\hotspot\src\share\vm\prims\jni.cpp, line 737]
Event: 33.407 Thread 0x0000020a22714800 Exception <a 'java/net/SocketTimeoutException': Read timed out> (0x00000000d6c6d2e0) thrown at [C:\jenkins\workspace\8-2-build-windows-amd64-cygwin\jdk8u291\1294\hotspot\src\share\vm\prims\jni.cpp, line 737]
Event: 179.782 Thread 0x0000020a22714800 Exception <a 'java/net/SocketTimeoutException': Read timed out> (0x00000000d6de2dd0) thrown at [C:\jenkins\workspace\8-2-build-windows-amd64-cygwin\jdk8u291\1294\hotspot\src\share\vm\prims\jni.cpp, line 737]
Event: 182.001 Thread 0x0000020a22714800 Exception <a 'java/net/SocketTimeoutException': Read timed out> (0x00000000d6df6450) thrown at [C:\jenkins\workspace\8-2-build-windows-amd64-cygwin\jdk8u291\1294\hotspot\src\share\vm\prims\jni.cpp, line 737]

Events (10 events):
Event: 343.548 Executing VM operation: RedefineClasses done
Event: 343.578 Executing VM operation: ChangeBreakpoints
Event: 343.579 Executing VM operation: ChangeBreakpoints done
Event: 343.590 Executing VM operation: ChangeBreakpoints
Event: 343.590 Executing VM operation: ChangeBreakpoints done
Event: 343.697 Executing VM operation: GetOwnedMonitorInfo
Event: 343.698 Executing VM operation: GetOwnedMonitorInfo done
Event: 343.698 Executing VM operation: GetCurrentContendedMonitor
Event: 343.698 Executing VM operation: GetCurrentContendedMonitor done
Event: 411.265 Executing VM operation: GetOrSetLocal


Dynamic libraries:
0x00007ff7e74a0000 - 0x00007ff7e74e7000 	C:\Program Files\Java\jre1.8.0_291\bin\javaw.exe
0x00007ffa9baf0000 - 0x00007ffa9bce5000 	C:\Windows\SYSTEM32\ntdll.dll
0x00007ffa9a750000 - 0x00007ffa9a80e000 	C:\Windows\System32\KERNEL32.DLL
0x00007ffa99480000 - 0x00007ffa99749000 	C:\Windows\System32\KERNELBASE.dll
0x00007ffa9a1c0000 - 0x00007ffa9a26c000 	C:\Windows\System32\ADVAPI32.dll
0x00007ffa9ac20000 - 0x00007ffa9acbe000 	C:\Windows\System32\msvcrt.dll
0x00007ffa9a340000 - 0x00007ffa9a3db000 	C:\Windows\System32\sechost.dll
0x00007ffa9aaf0000 - 0x00007ffa9ac1a000 	C:\Windows\System32\RPCRT4.dll
0x00007ffa9b770000 - 0x00007ffa9b911000 	C:\Windows\System32\USER32.dll
0x00007ffa99450000 - 0x00007ffa99472000 	C:\Windows\System32\win32u.dll
0x00007ffa9a0c0000 - 0x00007ffa9a0eb000 	C:\Windows\System32\GDI32.dll
0x00007ffa99750000 - 0x00007ffa9985b000 	C:\Windows\System32\gdi32full.dll
0x00007ffa999a0000 - 0x00007ffa99a3d000 	C:\Windows\System32\msvcp_win.dll
0x00007ffa99a40000 - 0x00007ffa99b40000 	C:\Windows\System32\ucrtbase.dll
0x00007ffa832c0000 - 0x00007ffa8355a000 	C:\Windows\WinSxS\amd64_microsoft.windows.common-controls_6595b64144ccf1df_6.0.19041.1110_none_60b5254171f9507e\COMCTL32.dll
0x00007ffa9a3e0000 - 0x00007ffa9a410000 	C:\Windows\System32\IMM32.DLL
0x00007ffa94da0000 - 0x00007ffa94db5000 	C:\Program Files\Java\jre1.8.0_291\bin\vcruntime140.dll
0x00007ffa87af0000 - 0x00007ffa87b8b000 	C:\Program Files\Java\jre1.8.0_291\bin\msvcp140.dll
0x0000000066130000 - 0x0000000066990000 	C:\Program Files\Java\jre1.8.0_291\bin\server\jvm.dll
0x00007ffa99b40000 - 0x00007ffa99b48000 	C:\Windows\System32\PSAPI.DLL
0x00007ffa89410000 - 0x00007ffa89419000 	C:\Windows\SYSTEM32\WSOCK32.dll
0x00007ffa906c0000 - 0x00007ffa906e7000 	C:\Windows\SYSTEM32\WINMM.dll
0x00007ffa9a930000 - 0x00007ffa9a99b000 	C:\Windows\System32\WS2_32.dll
0x00007ffa93580000 - 0x00007ffa9358a000 	C:\Windows\SYSTEM32\VERSION.dll
0x00007ffa97130000 - 0x00007ffa97142000 	C:\Windows\SYSTEM32\kernel.appcore.dll
0x00007ffa893e0000 - 0x00007ffa893f0000 	C:\Program Files\Java\jre1.8.0_291\bin\verify.dll
0x00007ffa893b0000 - 0x00007ffa893db000 	C:\Program Files\Java\jre1.8.0_291\bin\java.dll
0x00007ffa87ab0000 - 0x00007ffa87ae6000 	C:\Program Files\Java\jre1.8.0_291\bin\jdwp.dll
0x00007ffa96430000 - 0x00007ffa96439000 	C:\Program Files\Java\jre1.8.0_291\bin\npt.dll
0x00007ffa94cc0000 - 0x00007ffa94cf0000 	C:\Program Files\Java\jre1.8.0_291\bin\instrument.dll
0x00007ffa89390000 - 0x00007ffa893a8000 	C:\Program Files\Java\jre1.8.0_291\bin\zip.dll
0x00007ffa9acc0000 - 0x00007ffa9b3ff000 	C:\Windows\System32\SHELL32.dll
0x00007ffa97330000 - 0x00007ffa97ac0000 	C:\Windows\SYSTEM32\windows.storage.dll
0x00007ffa9b410000 - 0x00007ffa9b765000 	C:\Windows\System32\combase.dll
0x00007ffa98c10000 - 0x00007ffa98c3c000 	C:\Windows\SYSTEM32\Wldp.dll
0x00007ffa9a110000 - 0x00007ffa9a1be000 	C:\Windows\System32\SHCORE.dll
0x00007ffa9a9b0000 - 0x00007ffa9aa05000 	C:\Windows\System32\shlwapi.dll
0x00007ffa99150000 - 0x00007ffa9916f000 	C:\Windows\SYSTEM32\profapi.dll
0x00007ffa94d90000 - 0x00007ffa94d9a000 	C:\Program Files\Java\jre1.8.0_291\bin\dt_socket.dll
0x00007ffa82e90000 - 0x00007ffa82ea7000 	C:\Windows\system32\napinsp.dll
0x00007ffa82e70000 - 0x00007ffa82e8b000 	C:\Windows\system32\pnrpnsp.dll
0x00007ffa929f0000 - 0x00007ffa92a05000 	C:\Windows\system32\wshbth.dll
0x00007ffa94c90000 - 0x00007ffa94cad000 	C:\Windows\system32\NLAapi.dll
0x00007ffa98640000 - 0x00007ffa9867b000 	C:\Windows\SYSTEM32\IPHLPAPI.DLL
0x00007ffa98950000 - 0x00007ffa989ba000 	C:\Windows\System32\mswsock.dll
0x00007ffa98680000 - 0x00007ffa9874c000 	C:\Windows\SYSTEM32\DNSAPI.dll
0x00007ffa9b400000 - 0x00007ffa9b408000 	C:\Windows\System32\NSI.dll
0x00007ffa82e50000 - 0x00007ffa82e62000 	C:\Windows\System32\winrnr.dll
0x00007ffa8f580000 - 0x00007ffa8f5ff000 	C:\Windows\System32\fwpuclnt.dll
0x00007ffa99370000 - 0x00007ffa99397000 	C:\Windows\System32\bcrypt.dll
0x00007ffa8f510000 - 0x00007ffa8f51a000 	C:\Windows\System32\rasadhlp.dll
0x00007ffa89370000 - 0x00007ffa8938c000 	C:\Program Files\Java\jre1.8.0_291\bin\net.dll
0x00007ffa82c00000 - 0x00007ffa82c24000 	C:\Program Files\Java\jre1.8.0_291\bin\sunec.dll
0x00007ffa827a0000 - 0x00007ffa827ad000 	C:\Program Files\Java\jre1.8.0_291\bin\sunmscapi.dll
0x00007ffa99210000 - 0x00007ffa99366000 	C:\Windows\System32\CRYPT32.dll
0x00007ffa98c80000 - 0x00007ffa98ca7000 	C:\Windows\SYSTEM32\ncrypt.dll
0x00007ffa98c40000 - 0x00007ffa98c7b000 	C:\Windows\SYSTEM32\NTASN1.dll
0x00007ffa91190000 - 0x00007ffa911a7000 	C:\Windows\SYSTEM32\dhcpcsvc6.DLL
0x00007ffa91170000 - 0x00007ffa9118d000 	C:\Windows\SYSTEM32\dhcpcsvc.DLL
0x00007ffa89350000 - 0x00007ffa89363000 	C:\Program Files\Java\jre1.8.0_291\bin\nio.dll
0x00007ffa98b50000 - 0x00007ffa98b68000 	C:\Windows\SYSTEM32\CRYPTSP.dll
0x00007ffa982d0000 - 0x00007ffa98304000 	C:\Windows\system32\rsaenh.dll
0x00007ffa990d0000 - 0x00007ffa990fe000 	C:\Windows\SYSTEM32\USERENV.dll
0x00007ffa99910000 - 0x00007ffa99993000 	C:\Windows\System32\bcryptprimitives.dll
0x00007ffa98b40000 - 0x00007ffa98b4c000 	C:\Windows\SYSTEM32\CRYPTBASE.dll
0x00007ffa8d110000 - 0x00007ffa8d2f4000 	C:\Windows\SYSTEM32\dbghelp.dll

VM Arguments:
jvm_args: -agentlib:jdwp=transport=dt_socket,suspend=y,address=localhost:53774 -javaagent:C:\Users\gnani\eclipse\java-2019-06\eclipse\configuration\org.eclipse.osgi\226\0\.cp\lib\javaagent-shaded.jar -Dfile.encoding=Cp1252 
java_command: org.dynamic.webtable.IPL
java_class_path (initial): C:\Users\gnani\eclipse-workspace\Selenium_Demo\bin;C:\Users\gnani\Downloads\selenium-server-standalone-3.141.59.jar;C:\Users\gnani\Downloads\commons-io-2.11.0-bin\commons-io-2.11.0\commons-io-2.11.0.jar;C:\Users\gnani\Downloads\commons-io-2.11.0-bin\commons-io-2.11.0\commons-io-2.11.0-javadoc.jar;C:\Users\gnani\Downloads\commons-io-2.11.0-bin\commons-io-2.11.0\commons-io-2.11.0-sources.jar;C:\Users\gnani\Downloads\commons-io-2.11.0-bin\commons-io-2.11.0\commons-io-2.11.0-tests.jar;C:\Users\gnani\Downloads\commons-io-2.11.0-bin\commons-io-2.11.0\commons-io-2.11.0-test-sources.jar;C:\Users\gnani\eclipse\java-2019-06\eclipse\configuration\org.eclipse.osgi\226\0\.cp\lib\javaagent-shaded.jar
Launcher Type: SUN_STANDARD

Environment Variables:
PATH=C:/Program Files/Java/jre1.8.0_291/bin/server;C:/Program Files/Java/jre1.8.0_291/bin;C:/Program Files/Java/jre1.8.0_291/lib/amd64;C:\Program Files (x86)\Common Files\Oracle\Java\javapath;C:\Windows\system32;C:\Windows;C:\Windows\System32\Wbem;C:\Windows\System32\WindowsPowerShell\v1.0\;C:\Windows\System32\OpenSSH\;C:\Users\gnani\AppData\Local\Microsoft\WindowsApps;;C:\Users\gnani\OneDrive\Desktop;
USERNAME=gnani
OS=Windows_NT
PROCESSOR_IDENTIFIER=Intel64 Family 6 Model 42 Stepping 7, GenuineIntel



---------------  S Y S T E M  ---------------

OS: Windows 10.0 , 64 bit Build 19041 (10.0.19041.1202)

CPU:total 4 (initial active 4) (4 cores per cpu, 1 threads per core) family 6 model 42 stepping 7, cmov, cx8, fxsr, mmx, sse, sse2, sse3, ssse3, sse4.1, sse4.2, popcnt, avx, aes, clmul, tsc, tscinvbit

Memory: 4k page, physical 8233376k(3189060k free), swap 9544096k(4165172k free)

vm_info: Java HotSpot(TM) 64-Bit Server VM (25.291-b10) for windows-amd64 JRE (1.8.0_291-b10), built on Apr  9 2021 00:02:00 by "java_re" with MS VC++ 15.9 (VS2017)

time: Tue Sep 21 06:28:26 2021
timezone: India Standard Time
elapsed time: 411.433882 seconds (0d 0h 6m 51s)

